0 info it worked if it ends with ok
1 verbose cli [ 'node',
1 verbose cli   '/usr/local/bin/npm',
1 verbose cli   'install',
1 verbose cli   '--save-dev',
1 verbose cli   'gulp-image-rezize' ]
2 info using npm@1.4.14
3 info using node@v0.10.29
4 warn package.json libsass@1.0.0 No repository field.
5 warn package.json libsass@1.0.0 No README data
6 verbose readDependencies using package.json deps
7 verbose cache add [ 'gulp-image-rezize', null ]
8 verbose cache add name=undefined spec="gulp-image-rezize" args=["gulp-image-rezize",null]
9 verbose parsed url { protocol: null,
9 verbose parsed url   slashes: null,
9 verbose parsed url   auth: null,
9 verbose parsed url   host: null,
9 verbose parsed url   port: null,
9 verbose parsed url   hostname: null,
9 verbose parsed url   hash: null,
9 verbose parsed url   search: null,
9 verbose parsed url   query: null,
9 verbose parsed url   pathname: 'gulp-image-rezize',
9 verbose parsed url   path: 'gulp-image-rezize',
9 verbose parsed url   href: 'gulp-image-rezize' }
10 silly lockFile 52048d38-gulp-image-rezize gulp-image-rezize
11 verbose lock gulp-image-rezize /Users/xx/.npm/52048d38-gulp-image-rezize.lock
12 silly lockFile 52048d38-gulp-image-rezize gulp-image-rezize
13 silly lockFile 52048d38-gulp-image-rezize gulp-image-rezize
14 verbose addNamed [ 'gulp-image-rezize', '' ]
15 verbose addNamed [ null, '*' ]
16 silly lockFile 0a590b42-gulp-image-rezize gulp-image-rezize@
17 verbose lock gulp-image-rezize@ /Users/xx/.npm/0a590b42-gulp-image-rezize.lock
18 silly addNameRange { name: 'gulp-image-rezize', range: '*', hasData: false }
19 verbose url raw gulp-image-rezize
20 verbose url resolving [ 'https://registry.npmjs.org/', './gulp-image-rezize' ]
21 verbose url resolved https://registry.npmjs.org/gulp-image-rezize
22 info trying registry request attempt 1 at 20:39:34
23 http GET https://registry.npmjs.org/gulp-image-rezize
24 http 404 https://registry.npmjs.org/gulp-image-rezize
25 verbose headers { server: 'CouchDB/1.5.0 (Erlang OTP/R16B03)',
25 verbose headers   'content-type': 'application/json',
25 verbose headers   'cache-control': 'max-age=0',
25 verbose headers   'content-length': '51',
25 verbose headers   'accept-ranges': 'bytes',
25 verbose headers   date: 'Mon, 01 Jun 2015 18:39:38 GMT',
25 verbose headers   via: '1.1 varnish',
25 verbose headers   age: '0',
25 verbose headers   connection: 'keep-alive',
25 verbose headers   'x-served-by': 'cache-fra1224-FRA',
25 verbose headers   'x-cache': 'MISS',
25 verbose headers   'x-cache-hits': '0',
25 verbose headers   'x-timer': 'S1433183977.344217,VS0,VE713' }
26 silly registry.get cb [ 404,
26 silly registry.get   { server: 'CouchDB/1.5.0 (Erlang OTP/R16B03)',
26 silly registry.get     'content-type': 'application/json',
26 silly registry.get     'cache-control': 'max-age=0',
26 silly registry.get     'content-length': '51',
26 silly registry.get     'accept-ranges': 'bytes',
26 silly registry.get     date: 'Mon, 01 Jun 2015 18:39:38 GMT',
26 silly registry.get     via: '1.1 varnish',
26 silly registry.get     age: '0',
26 silly registry.get     connection: 'keep-alive',
26 silly registry.get     'x-served-by': 'cache-fra1224-FRA',
26 silly registry.get     'x-cache': 'MISS',
26 silly registry.get     'x-cache-hits': '0',
26 silly registry.get     'x-timer': 'S1433183977.344217,VS0,VE713' } ]
27 silly lockFile 0a590b42-gulp-image-rezize gulp-image-rezize@
28 silly lockFile 0a590b42-gulp-image-rezize gulp-image-rezize@
29 error 404 404 Not Found: gulp-image-rezize
29 error 404
29 error 404 'gulp-image-rezize' is not in the npm registry.
29 error 404 You should bug the author to publish it
29 error 404 It was specified as a dependency of 'libsass'
29 error 404
29 error 404 Note that you can also install from a
29 error 404 tarball, folder, or http url, or git url.
30 error System Darwin 13.4.0
31 error command "node" "/usr/local/bin/npm" "install" "--save-dev" "gulp-image-rezize"
32 error cwd /Users/xx/Sites/lab/libsass
33 error node -v v0.10.29
34 error npm -v 1.4.14
35 error code E404
36 verbose exit [ 1, true ]
